c:\documents\cpsc589ta\boilerplate\boilerplate\x64\debug\vc141.pdb
c:\documents\cpsc589ta\boilerplate\boilerplate\x64\debug\vc141.idb
c:\documents\cpsc589ta\boilerplate\boilerplate\x64\debug\shadertools.obj
c:\documents\cpsc589ta\boilerplate\boilerplate\x64\debug\renderengine.obj
c:\documents\cpsc589ta\boilerplate\boilerplate\x64\debug\program.obj
c:\documents\cpsc589ta\boilerplate\boilerplate\x64\debug\main.obj
c:\documents\cpsc589ta\boilerplate\boilerplate\x64\debug\inputhandler.obj
c:\documents\cpsc589ta\boilerplate\boilerplate\x64\debug\geometry.obj
c:\documents\cpsc589ta\boilerplate\x64\debug\boilerplate.exe
c:\documents\cpsc589ta\boilerplate\x64\debug\boilerplate.ilk
c:\documents\cpsc589ta\boilerplate\x64\debug\boilerplate.pdb
f:\documents\github\hypocycloid\boilerplate\boilerplate\x64\debug\geometry.obj
f:\documents\github\hypocycloid\boilerplate\boilerplate\x64\debug\inputhandler.obj
f:\documents\github\hypocycloid\boilerplate\boilerplate\x64\debug\main.obj
f:\documents\github\hypocycloid\boilerplate\boilerplate\x64\debug\program.obj
f:\documents\github\hypocycloid\boilerplate\boilerplate\x64\debug\renderengine.obj
f:\documents\github\hypocycloid\boilerplate\boilerplate\x64\debug\shadertools.obj
f:\documents\github\hypocycloid\boilerplate\boilerplate\x64\debug\shadertools.obj.enc
f:\documents\github\hypocycloid\boilerplate\boilerplate\x64\debug\vc141.idb
f:\documents\github\hypocycloid\boilerplate\boilerplate\x64\debug\vc141.pdb
f:\documents\github\hypocycloid\boilerplate\x64\debug\boilerplate.pdb
f:\documents\github\hypocycloid\boilerplate\x64\debug\boilerplate.exe
f:\documents\github\hypocycloid\boilerplate\x64\debug\boilerplate.ilk
f:\documents\github\hypocycloid\boilerplate\boilerplate\x64\debug\boilerplate.tlog\cl.command.1.tlog
f:\documents\github\hypocycloid\boilerplate\boilerplate\x64\debug\boilerplate.tlog\cl.read.1.tlog
f:\documents\github\hypocycloid\boilerplate\boilerplate\x64\debug\boilerplate.tlog\cl.write.1.tlog
f:\documents\github\hypocycloid\boilerplate\boilerplate\x64\debug\boilerplate.tlog\link.command.1.tlog
f:\documents\github\hypocycloid\boilerplate\boilerplate\x64\debug\boilerplate.tlog\link.read.1.tlog
f:\documents\github\hypocycloid\boilerplate\boilerplate\x64\debug\boilerplate.tlog\link.write.1.tlog
